{
  "RSpec": {
    "coverage": {
      "/Users/ross/code/portfolio/mountain-of-orgs/config/environment.rb": [
        null,
        1,
        null,
        null,
        1
      ],
      "/Users/ross/code/portfolio/mountain-of-orgs/config/application.rb": [
        1,
        null,
        1,
        null,
        null,
        null,
        1,
        null,
        1,
        1,
        null,
        null,
        null,
        null,
        null,
        null,
        null,
        null,
        null,
        null,
        null,
        null,
        null,
        1,
        null,
        null,
        1,
        1,
        null,
        null,
        1,
        null,
        1,
        null,
        null,
        null,
        null,
        null,
        null,
        null,
        null,
        null,
        null,
        1,
        null,
        null,
        null,
        null
      ],
      "/Users/ross/code/portfolio/mountain-of-orgs/config/boot.rb": [
        null,
        1,
        null,
        1
      ],
      "/Users/ross/code/portfolio/mountain-of-orgs/config/environments/test.rb": [
        1,
        null,
        null,
        null,
        null,
        null,
        null,
        1,
        null,
        null,
        null,
        null,
        1,
        null,
        null,
        1,
        1,
        null,
        null,
        1,
        1,
        null,
        null,
        1,
        null,
        null,
        1,
        null,
        null,
        null,
        null,
        1,
        null,
        null,
        1,
        null,
        null,
        null,
        null
      ],
      "/Users/ross/code/portfolio/mountain-of-orgs/config/initializers/assets.rb": [
        null,
        null,
        null,
        1,
        null,
        null,
        null,
        null
      ],
      "/Users/ross/code/portfolio/mountain-of-orgs/config/initializers/backtrace_silencers.rb": [
        null,
        null,
        null,
        null,
        null,
        null,
        null
      ],
      "/Users/ross/code/portfolio/mountain-of-orgs/config/initializers/cookies_serializer.rb": [
        null,
        null,
        1
      ],
      "/Users/ross/code/portfolio/mountain-of-orgs/config/initializers/filter_parameter_logging.rb": [
        null,
        null,
        null,
        1
      ],
      "/Users/ross/code/portfolio/mountain-of-orgs/config/initializers/inflections.rb": [
        null,
        null,
        null,
        null,
        null,
        null,
        null,
        null,
        null,
        null,
        null,
        null,
        null,
        null,
        null,
        null
      ],
      "/Users/ross/code/portfolio/mountain-of-orgs/config/initializers/mime_types.rb": [
        null,
        null,
        null,
        null
      ],
      "/Users/ross/code/portfolio/mountain-of-orgs/config/initializers/session_store.rb": [
        null,
        null,
        1
      ],
      "/Users/ross/code/portfolio/mountain-of-orgs/config/initializers/wrap_parameters.rb": [
        null,
        null,
        null,
        null,
        null,
        null,
        1,
        1,
        null,
        null,
        null,
        null,
        null,
        null
      ],
      "/Users/ross/code/portfolio/mountain-of-orgs/app/models/root_org.rb": [
        1,
        5,
        null,
        null,
        1,
        5,
        null,
        null
      ],
      "/Users/ross/code/portfolio/mountain-of-orgs/app/models/org.rb": [
        1,
        1,
        null,
        1,
        26,
        null,
        null,
        1,
        null,
        null,
        null
      ],
      "/Users/ross/code/portfolio/mountain-of-orgs/app/models/organization.rb": [
        1,
        1,
        1,
        null,
        1,
        26,
        null,
        null
      ],
      "/Users/ross/code/portfolio/mountain-of-orgs/app/models/child_org.rb": [
        1,
        1,
        null
      ],
      "/Users/ross/code/portfolio/mountain-of-orgs/config/routes.rb": [
        1,
        null,
        null,
        null,
        null,
        null,
        null,
        null,
        null,
        null,
        null,
        null,
        null,
        null,
        null,
        null,
        null,
        null,
        null,
        null,
        null,
        null,
        null,
        null,
        null,
        null,
        null,
        null,
        null,
        null,
        null,
        null,
        null,
        null,
        null,
        null,
        null,
        null,
        null,
        null,
        null,
        null,
        null,
        null,
        null,
        null,
        null,
        null,
        null,
        null,
        null,
        null,
        null,
        null,
        null,
        null
      ],
      "/Users/ross/code/portfolio/mountain-of-orgs/app/helpers/application_helper.rb": [
        1,
        null
      ],
      "/Users/ross/code/portfolio/mountain-of-orgs/app/models/role.rb": [
        1,
        1,
        1,
        null,
        1,
        1,
        null,
        1,
        19,
        null,
        null,
        1,
        19,
        null,
        null,
        1,
        null,
        1,
        19,
        2,
        null,
        null,
        null,
        1,
        null,
        null,
        19,
        null,
        1,
        null,
        null,
        null,
        null,
        null
      ],
      "/Users/ross/code/portfolio/mountain-of-orgs/app/models/user.rb": [
        1,
        1,
        null,
        1,
        null,
        null,
        1,
        null,
        29,
        5,
        null,
        null,
        5,
        null,
        null,
        null,
        1,
        4,
        null,
        null,
        1,
        2,
        null,
        null,
        null
      ]
    },
    "timestamp": 1417209059
  }
}
